{"/home/winner/Desktop/Microverse/Module-2/Block-2/to-do-project/src/todo.js": {"path":"/home/winner/Desktop/Microverse/Module-2/Block-2/to-do-project/src/todo.js","statementMap":{"0":{"start":{"line":1,"column":41},"end":{"line":4,"column":1}},"1":{"start":{"line":2,"column":16},"end":{"line":2,"column":45}},"2":{"start":{"line":3,"column":2},"end":{"line":3,"column":40}},"3":{"start":{"line":6,"column":39},"end":{"line":8,"column":1}},"4":{"start":{"line":7,"column":2},"end":{"line":7,"column":55}},"5":{"start":{"line":10,"column":23},"end":{"line":21,"column":1}},"6":{"start":{"line":11,"column":16},"end":{"line":11,"column":43}},"7":{"start":{"line":12,"column":16},"end":{"line":12,"column":32}},"8":{"start":{"line":13,"column":18},"end":{"line":17,"column":3}},"9":{"start":{"line":18,"column":2},"end":{"line":18,"column":22}},"10":{"start":{"line":19,"column":2},"end":{"line":19,"column":33}},"11":{"start":{"line":20,"column":2},"end":{"line":20,"column":17}},"12":{"start":{"line":23,"column":26},"end":{"line":34,"column":1}},"13":{"start":{"line":24,"column":16},"end":{"line":24,"column":43}},"14":{"start":{"line":25,"column":2},"end":{"line":32,"column":3}},"15":{"start":{"line":26,"column":4},"end":{"line":26,"column":21}},"16":{"start":{"line":28,"column":4},"end":{"line":28,"column":27}},"17":{"start":{"line":29,"column":4},"end":{"line":31,"column":7}},"18":{"start":{"line":30,"column":6},"end":{"line":30,"column":25}},"19":{"start":{"line":33,"column":2},"end":{"line":33,"column":33}},"20":{"start":{"line":36,"column":24},"end":{"line":40,"column":1}},"21":{"start":{"line":37,"column":16},"end":{"line":37,"column":43}},"22":{"start":{"line":38,"column":2},"end":{"line":38,"column":41}},"23":{"start":{"line":39,"column":2},"end":{"line":39,"column":33}}},"fnMap":{"0":{"name":"(anonymous_0)","decl":{"start":{"line":1,"column":41},"end":{"line":1,"column":42}},"loc":{"start":{"line":1,"column":47},"end":{"line":4,"column":1}},"line":1},"1":{"name":"(anonymous_1)","decl":{"start":{"line":6,"column":39},"end":{"line":6,"column":40}},"loc":{"start":{"line":6,"column":50},"end":{"line":8,"column":1}},"line":6},"2":{"name":"(anonymous_2)","decl":{"start":{"line":10,"column":23},"end":{"line":10,"column":24}},"loc":{"start":{"line":10,"column":40},"end":{"line":21,"column":1}},"line":10},"3":{"name":"(anonymous_3)","decl":{"start":{"line":23,"column":26},"end":{"line":23,"column":27}},"loc":{"start":{"line":23,"column":37},"end":{"line":34,"column":1}},"line":23},"4":{"name":"(anonymous_4)","decl":{"start":{"line":29,"column":18},"end":{"line":29,"column":19}},"loc":{"start":{"line":29,"column":31},"end":{"line":31,"column":5}},"line":29},"5":{"name":"(anonymous_5)","decl":{"start":{"line":36,"column":24},"end":{"line":36,"column":25}},"loc":{"start":{"line":36,"column":48},"end":{"line":40,"column":1}},"line":36}},"branchMap":{"0":{"loc":{"start":{"line":3,"column":9},"end":{"line":3,"column":39}},"type":"cond-expr","locations":[{"start":{"line":3,"column":17},"end":{"line":3,"column":34}},{"start":{"line":3,"column":37},"end":{"line":3,"column":39}}],"line":3},"1":{"loc":{"start":{"line":25,"column":2},"end":{"line":32,"column":3}},"type":"if","locations":[{"start":{"line":25,"column":2},"end":{"line":32,"column":3}},{"start":{"line":27,"column":9},"end":{"line":32,"column":3}}],"line":25}},"s":{"0":1,"1":7,"2":7,"3":1,"4":7,"5":1,"6":5,"7":5,"8":5,"9":5,"10":5,"11":5,"12":1,"13":2,"14":2,"15":1,"16":1,"17":1,"18":0,"19":2,"20":1,"21":0,"22":0,"23":0},"f":{"0":7,"1":7,"2":5,"3":2,"4":0,"5":0},"b":{"0":[3,4],"1":[1,1]},"_coverageSchema":"1a1c01bbd47fc00a2c39e90264f33305004495a9","hash":"172da814a3ee18156a01a290ceef2381282bedcd"}
}
