TN:
SF:src/todo.js
FN:1,(anonymous_0)
FN:6,(anonymous_1)
FN:10,(anonymous_2)
FN:23,(anonymous_3)
FN:29,(anonymous_4)
FN:36,(anonymous_5)
FNF:6
FNH:4
FNDA:7,(anonymous_0)
FNDA:7,(anonymous_1)
FNDA:5,(anonymous_2)
FNDA:2,(anonymous_3)
FNDA:0,(anonymous_4)
FNDA:0,(anonymous_5)
DA:1,1
DA:2,7
DA:3,7
DA:6,1
DA:7,7
DA:10,1
DA:11,5
DA:12,5
DA:13,5
DA:18,5
DA:19,5
DA:20,5
DA:23,1
DA:24,2
DA:25,2
DA:26,1
DA:28,1
DA:29,1
DA:30,0
DA:33,2
DA:36,1
DA:37,0
DA:38,0
DA:39,0
LF:24
LH:20
BRDA:3,0,0,3
BRDA:3,0,1,4
BRDA:25,1,0,1
BRDA:25,1,1,1
BRF:4
BRH:4
end_of_record
